
<!DOCTYPE html>
<html>


<head>
	<meta charset='UTF-8' /> 
	<meta name='description' content='' />
	<meta name='robots' content='noodp, noydir' />
	<meta name='viewport' content='width=device-width, initial-scale=1' />
	<meta id="timeStampFormat" name="timeStampFormat" content='MMM d, yyyy hh:mm:ss a'/>
	
	<link href='https://fonts.googleapis.com/css?family=Source+Sans+Pro:400,600' rel='stylesheet' type='text/css'>
	<link href="https://fonts.googleapis.com/icon?family=Material+Icons" rel="stylesheet">

		<link href='https://cdn.rawgit.com/anshooarora/extentreports-java/6d3843c29c354373fafad29c03a1a89b7e06c374/dist/css/extent.css' type='text/css' rel='stylesheet' />
	
	<title>Basqar extend report</title>

</head>

	<body class='extent dark default hide-overflow bdd-report'>
		<div id='theme-selector' alt='Click to toggle theme. To enable by default, use theme configuration.' title='Click to toggle theme. To enable by default, use theme configuration.'>
			<span><i class='material-icons'>desktop_windows</i></span>
		</div>

<nav>
	<div class="nav-wrapper">
		<a href="#!" class="brand-logo blue darken-3">Extent</a>

		<!-- slideout menu -->
		<ul id='slide-out' class='side-nav fixed hide-on-med-and-down'>
			<li class='waves-effect active'><a href='#!' view='test-view' onclick="configureView(0);chartsView('test');"><i class='material-icons'>dashboard</i></a></li>
						<li class='waves-effect'><a href='#!' view='category-view' onclick="configureView(1)"><i class='material-icons'>label_outline</i></a></li>
			<li class='waves-effect'><a href='#!' view='exception-view' onclick="configureView(2)"><i class='material-icons'>bug_report</i></a></li>
			<li class='waves-effect'><a href='#!' onclick="configureView(-1);chartsView('dashboard');" view='dashboard-view'><i class='material-icons'>track_changes</i></i></a></li>
			<li class='waves-effect'><a href='#!' onclick="configureView(-1)" view='testrunner-logs-view'><i class='material-icons'>note</i></a></li>
		</ul>

		<!-- report name -->
		<span class='report-name'>Basqar report</span>
		
		<!-- report headline -->
		<span class='report-headline'></span>

		<!-- nav-right -->
		<ul id='nav-mobile' class='right hide-on-med-and-down nav-right'>
			<li>
                <a href='#!'>
                    <span class='label suite-start-time blue darken-3'>Oct 20, 2020 08:46:37 PM</span>
				</a>
			</li>
			<li>
                <a href='#!'>
                    <span class='label blue darken-3'>v3.0.6</span>
				</a>
			</li>
		</ul>
	</div>
</nav>

		<!-- container -->
		<div class='container'>

<div id='test-view' class='view'>
				
	<section id='controls'>
		<div class='controls grey lighten-4'>
			<!-- test toggle -->
			<div class='chip transparent'>
				<a class='dropdown-button tests-toggle' data-activates='tests-toggle' data-constrainwidth='true' data-beloworigin='true' data-hover='true' href='#'>
					<i class='material-icons'>warning</i> Status
				</a>
				<ul id='tests-toggle' class='dropdown-content'>
											<li status='pass'><a href='#!'>Pass <i class='material-icons green-text'>check_circle</i></a></li>
						<li status='fail'><a href='#!'>Fail <i class='material-icons red-text'>cancel</i></a></li>
						<li status='skip'><a href='#!'>Skip <i class='material-icons cyan-text'>redo</i></a></li>
					<li class='divider'></li>
					<li status='clear' clear='true'><a href='#!'>Clear Filters <i class='material-icons'>clear</i></a></li>
				</ul>
			</div>
			<!-- test toggle -->

			<!-- category toggle -->
			<div class='chip transparent'>
				<a class='dropdown-button category-toggle' data-activates='category-toggle' data-constrainwidth='false' data-beloworigin='true' data-hover='true' href='#'>
					<i class='material-icons'>local_offer</i> Category
				</a>
				<ul id='category-toggle' class='dropdown-content'>
					<li><a href='#'>@SmokeTest</a></li>
					<li><a href='#'>@RegressionTest</a></li>
					<li class='divider'></li>
					<li class='clear'><a href='#!' clear='true'>Clear Filters</a></li>
				</ul>
			</div>
			<!-- category toggle -->

			<!-- clear filters -->
			<div class='chip transparent hide'>
				<a class='' id='clear-filters' alt='Clear Filters' title='Clear Filters'>
					<i class='material-icons'>close</i> Clear
				</a>
			</div>
			<!-- clear filters -->

			<!-- enable dashboard -->
			<div id='toggle-test-view-charts' class='chip transparent'>
				<a class='pink-text' id='enable-dashboard' alt='Enable Dashboard' title='Enable Dashboard'>
					<i class='material-icons'>track_changes</i> Dashboard
				</a>
			</div>
			<!-- enable dashboard -->

			<!-- search -->
			<div class='chip transparent' alt='Search Tests' title='Search Tests'>
				<a href="#" class='search-div'>
					<i class='material-icons'>search</i> Search
				</a>

				<div class='input-field left hide'>
					<input id='search-tests' type='text' class='validate browser-default' placeholder='Search Tests...'>
				</div>
				
			</div>
			<!-- search -->
		</div>
	</section>


<div id='test-view-charts' class='subview-full'>
	<div id='charts-row' class='row nm-v nm-h'>
		<div class='col s12 m4 l4 np-h'>
			<div class='card-panel nm-v'>
				<div class='left panel-name'>Features</div>
				<div class='chart-box'>
					<canvas id='parent-analysis' width='100' height='80'></canvas>
				</div>
				<div class='block text-small'>
					<span class='tooltipped' data-position='top' data-tooltip='20%'><span class='strong'>2</span> feature(s) passed</span>
				</div>
				<div class='block text-small'>
					<span class='strong tooltipped' data-position='top' data-tooltip='80%'>8</span> feature(s) failed, <span class='strong tooltipped' data-position='top' data-tooltip='0%'>0</span> others
				</div>
			</div>
		</div>
		
		<div class='col s12 m4 l4 np-h'>
			<div class='card-panel nm-v'>
				<div class='left panel-name'>Scenarios</div>
				<div class='chart-box'>
					<canvas id='child-analysis' width='100' height='80'></canvas>
				</div>
				<div class='block text-small'>
					<span class='tooltipped' data-position='top' data-tooltip='20%'><span class='strong'>2</span> scenario(s) passed</span>
				</div>
				<div class='block text-small'>
					<span class='strong tooltipped' data-position='top' data-tooltip='80%'>8</span> scenario(s) failed, <span class='strong tooltipped' data-position='top' data-tooltip='0%'>0</span> others
				</div>
			</div>
		</div>
		
		<div class='col s12 m4 l4 np-h'>
			<div class='card-panel nm-v'>
				<div class='left panel-name'>Steps</div>
				<div class='chart-box'>
					<canvas id='grandchild-analysis' width='100' height='80'></canvas>
				</div>
				<div class='block text-small'>
					<span class='tooltipped' data-position='top' data-tooltip='71.429%'><span class='strong'>60</span> step(s) passed</span>
				</div>
				<div class='block text-small'>
					<span class='strong tooltipped' data-position='top' data-tooltip='9.524%'>8</span> step(s) failed, <span class='strong tooltipped' data-position='top' data-tooltip='19.048%'>16</span> others
				</div>
			</div>
		</div>
	</div>
</div>

	<div class='subview-left left'>
		
		<div class='view-summary'>
			<h5>Features</h5>
			<ul id='test-collection' class='test-collection'>
				
				
				<li class='test displayed active has-leaf pass' status='pass' bdd='true' test-id='1'>
					<div class='test-heading'>
						<span class='test-name'>Login Functionality</span>
						<span class='test-time'>Oct 20, 2020 08:46:38 PM</span>
						<span class='test-status right pass'>pass</span>
					</div>
					<div class='test-content hide'>
<div class='scenario node' test-id='4' status='pass'>
	<div class='category-list'>
		<span class='category label white-text'>@SmokeTest</span>
		<span class='category label white-text'>@RegressionTest</span>
	</div>
	<span class='duration right label'>0h 0m 9s+953ms</span>
	<div class='desc'>
		<b>Scenario</b>
		<span class="desc-text">Login with valid username and password</span>
	</div>
	<ul class='steps'>
		<li test-id='6' class='node given pass' status='pass'>
			
			<b>Given</b>
			
			<span class="bdd-step-name">Given Navigate to basqar</span>
				<div class='pre'>passed</div>
			
		</li>
		<li test-id='8' class='node when pass' status='pass'>
			
			<b>When</b>
			
			<span class="bdd-step-name">When Enter username and password and click Login button</span>
				<div class='pre'>passed</div>
			
		</li>
		<li test-id='9' class='node then pass' status='pass'>
			
			<b>Then</b>
			
			<span class="bdd-step-name">Then User should login successfully</span>
				<div class='pre'>passed</div>
			
		</li>
	</ul>
</div>
					</div>
				</li>
				
				
				<li class='test displayed active has-leaf pass' status='pass' bdd='true' test-id='2'>
					<div class='test-heading'>
						<span class='test-name'>Login Functionality</span>
						<span class='test-time'>Oct 20, 2020 08:46:38 PM</span>
						<span class='test-status right pass'>pass</span>
					</div>
					<div class='test-content hide'>
<div class='scenario node' test-id='3' status='pass'>
	<div class='category-list'>
		<span class='category label white-text'>@SmokeTest</span>
		<span class='category label white-text'>@RegressionTest</span>
	</div>
	<span class='duration right label'>0h 0m 13s+187ms</span>
	<div class='desc'>
		<b>Scenario</b>
		<span class="desc-text">Login with valid username and password</span>
	</div>
	<ul class='steps'>
		<li test-id='5' class='node given pass' status='pass'>
			
			<b>Given</b>
			
			<span class="bdd-step-name">Given Navigate to basqar</span>
				<div class='pre'>passed</div>
			
		</li>
		<li test-id='7' class='node when pass' status='pass'>
			
			<b>When</b>
			
			<span class="bdd-step-name">When Enter username and password and click Login button</span>
				<div class='pre'>passed</div>
			
		</li>
		<li test-id='10' class='node then pass' status='pass'>
			
			<b>Then</b>
			
			<span class="bdd-step-name">Then User should login successfully</span>
				<div class='pre'>passed</div>
			
		</li>
	</ul>
</div>
					</div>
				</li>
				
				
				<li class='test displayed active has-leaf fail' status='fail' bdd='true' test-id='11'>
					<div class='test-heading'>
						<span class='test-name'>Country functionality</span>
						<span class='test-time'>Oct 20, 2020 08:46:53 PM</span>
						<span class='test-status right fail'>fail</span>
					</div>
					<div class='test-content hide'>
<div class='scenario node' test-id='12' status='fail'>
	<div class='category-list'>
		<span class='category label white-text'>@RegressionTest</span>
	</div>
	<span class='duration right label'>0h 0m 25s+944ms</span>
	<div class='desc'>
		<b>Scenario</b>
		<span class="desc-text">Create Country</span>
	</div>
	<ul class='steps'>
		<li test-id='13' class='node given pass' status='pass'>
			
			<b>Given</b>
			
			<span class="bdd-step-name">Given Navigate to basqar</span>
				<div class='pre'>passed</div>
			
		</li>
		<li test-id='17' class='node when pass' status='pass'>
			
			<b>When</b>
			
			<span class="bdd-step-name">When Enter username and password and click Login button</span>
				<div class='pre'>passed</div>
			
		</li>
		<li test-id='18' class='node then pass' status='pass'>
			
			<b>Then</b>
			
			<span class="bdd-step-name">Then User should login successfully</span>
				<div class='pre'>passed</div>
			
		</li>
		<li test-id='19' class='node and pass' status='pass'>
			
			<b>And</b>
			
			<span class="bdd-step-name">And Navigate to country page</span>
				<div class='pre'>passed</div>
			
		</li>
		<li test-id='21' class='node when pass' status='pass'>
			
			<b>When</b>
			
			<span class="bdd-step-name">When Create a country</span>
				<div class='pre'>passed</div>
			
		</li>
		<li test-id='24' class='node then fail' status='fail'>
			
			<b>Then</b>
			
			<span class="bdd-step-name">Then Success message should be displayed</span>
				<div class='pre'><textarea>org.openqa.selenium.TimeoutException: Expected condition failed: waiting for text ('successfully') to be present in element [[ChromeDriver: chrome on WINDOWS (0d32e99c5442924d3543f185b1eb5f00)] -> xpath: //div[@id='toast-container']] (tried for 10 second(s) with 500 milliseconds interval)
Build info: version: '3.141.59', revision: 'e82be7d358', time: '2018-11-14T08:17:03'
System info: host: 'DESKTOP-INTB117', ip: '192.168.42.115', os.name: 'Windows 10', os.arch: 'amd64', os.version: '10.0', java.version: '14.0.1'
Driver info: org.openqa.selenium.chrome.ChromeDriver
Capabilities {acceptInsecureCerts: false, browserName: chrome, browserVersion: 86.0.4240.75, chrome: {chromedriverVersion: 86.0.4240.22 (398b0743353ff..., userDataDir: C:\Users\TECHNO~1\AppData\L...}, goog:chromeOptions: {debuggerAddress: localhost:29047}, javascriptEnabled: true, networkConnectionEnabled: false, pageLoadStrategy: normal, platform: WINDOWS, platformName: WINDOWS, proxy: Proxy(), setWindowRect: true, strictFileInteractability: false, timeouts: {implicit: 0, pageLoad: 300000, script: 30000}, unhandledPromptBehavior: dismiss and notify, webauthn:virtualAuthenticators: true}
Session ID: 0d32e99c5442924d3543f185b1eb5f00
	at org.openqa.selenium.support.ui.WebDriverWait.timeoutException(WebDriverWait.java:95)
	at org.openqa.selenium.support.ui.FluentWait.until(FluentWait.java:272)
	at Pages._Parent.verifyElementContainsText(_Parent.java:75)
	at Pages.DialogContent.findElementAndVerifyContainsText(DialogContent.java:211)
	at StepDefinitions._02_CountrySteps.success_message_should_be_displayed(_02_CountrySteps.java:33)
	at ✽.Then Success message should be displayed(_02_Country.feature:10)
</textarea></div>
			
		</li>
	</ul>
</div>
					</div>
				</li>
				
				
				<li class='test displayed active has-leaf fail' status='fail' bdd='true' test-id='14'>
					<div class='test-heading'>
						<span class='test-name'>Country functionality</span>
						<span class='test-time'>Oct 20, 2020 08:46:57 PM</span>
						<span class='test-status right fail'>fail</span>
					</div>
					<div class='test-content hide'>
<div class='scenario node' test-id='15' status='fail'>
	<div class='category-list'>
		<span class='category label white-text'>@RegressionTest</span>
	</div>
	<span class='duration right label'>0h 0m 25s+975ms</span>
	<div class='desc'>
		<b>Scenario</b>
		<span class="desc-text">Create Country</span>
	</div>
	<ul class='steps'>
		<li test-id='16' class='node given pass' status='pass'>
			
			<b>Given</b>
			
			<span class="bdd-step-name">Given Navigate to basqar</span>
				<div class='pre'>passed</div>
			
		</li>
		<li test-id='20' class='node when pass' status='pass'>
			
			<b>When</b>
			
			<span class="bdd-step-name">When Enter username and password and click Login button</span>
				<div class='pre'>passed</div>
			
		</li>
		<li test-id='22' class='node then pass' status='pass'>
			
			<b>Then</b>
			
			<span class="bdd-step-name">Then User should login successfully</span>
				<div class='pre'>passed</div>
			
		</li>
		<li test-id='23' class='node and pass' status='pass'>
			
			<b>And</b>
			
			<span class="bdd-step-name">And Navigate to country page</span>
				<div class='pre'>passed</div>
			
		</li>
		<li test-id='25' class='node when pass' status='pass'>
			
			<b>When</b>
			
			<span class="bdd-step-name">When Create a country</span>
				<div class='pre'>passed</div>
			
		</li>
		<li test-id='26' class='node then fail' status='fail'>
			
			<b>Then</b>
			
			<span class="bdd-step-name">Then Success message should be displayed</span>
				<div class='pre'><textarea>org.openqa.selenium.TimeoutException: Expected condition failed: waiting for text ('successfully') to be present in element [[FirefoxDriver: firefox on WINDOWS (ffea0714-c1b5-46c2-a412-403e524a1448)] -> xpath: //div[@id='toast-container']] (tried for 10 second(s) with 500 milliseconds interval)
Build info: version: '3.141.59', revision: 'e82be7d358', time: '2018-11-14T08:17:03'
System info: host: 'DESKTOP-INTB117', ip: '192.168.42.115', os.name: 'Windows 10', os.arch: 'amd64', os.version: '10.0', java.version: '14.0.1'
Driver info: org.openqa.selenium.firefox.FirefoxDriver
Capabilities {acceptInsecureCerts: true, browserName: firefox, browserVersion: 81.0.2, javascriptEnabled: true, moz:accessibilityChecks: false, moz:buildID: 20201012085804, moz:geckodriverVersion: 0.27.0, moz:headless: false, moz:processID: 10396, moz:profile: C:\Users\TechnoStudy\AppDat..., moz:shutdownTimeout: 60000, moz:useNonSpecCompliantPointerOrigin: false, moz:webdriverClick: true, pageLoadStrategy: normal, platform: WINDOWS, platformName: WINDOWS, platformVersion: 10.0, rotatable: false, setWindowRect: true, strictFileInteractability: false, timeouts: {implicit: 0, pageLoad: 300000, script: 30000}, unhandledPromptBehavior: dismiss and notify}
Session ID: ffea0714-c1b5-46c2-a412-403e524a1448
	at org.openqa.selenium.support.ui.WebDriverWait.timeoutException(WebDriverWait.java:95)
	at org.openqa.selenium.support.ui.FluentWait.until(FluentWait.java:272)
	at Pages._Parent.verifyElementContainsText(_Parent.java:75)
	at Pages.DialogContent.findElementAndVerifyContainsText(DialogContent.java:211)
	at StepDefinitions._02_CountrySteps.success_message_should_be_displayed(_02_CountrySteps.java:33)
	at ✽.Then Success message should be displayed(_02_Country.feature:10)
</textarea></div>
			
		</li>
	</ul>
</div>
					</div>
				</li>
				
				
				<li class='test displayed active has-leaf fail' status='fail' bdd='true' test-id='27'>
					<div class='test-heading'>
						<span class='test-name'>Nationalities functionality</span>
						<span class='test-time'>Oct 20, 2020 08:47:25 PM</span>
						<span class='test-status right fail'>fail</span>
					</div>
					<div class='test-content hide'>
<div class='scenario node' test-id='28' status='fail'>
	<div class='category-list'>
		<span class='category label white-text'>@SmokeTest</span>
		<span class='category label white-text'>@RegressionTest</span>
	</div>
	<span class='duration right label'>0h 0m 25s+692ms</span>
	<div class='desc'>
		<b>Scenario</b>
		<span class="desc-text">Nationalities All functionality</span>
	</div>
	<ul class='steps'>
		<li test-id='29' class='node given pass' status='pass'>
			
			<b>Given</b>
			
			<span class="bdd-step-name">Given Navigate to basqar</span>
				<div class='pre'>passed</div>
			
		</li>
		<li test-id='33' class='node when pass' status='pass'>
			
			<b>When</b>
			
			<span class="bdd-step-name">When Enter username and password and click Login button</span>
				<div class='pre'>passed</div>
			
		</li>
		<li test-id='34' class='node then pass' status='pass'>
			
			<b>Then</b>
			
			<span class="bdd-step-name">Then User should login successfully</span>
				<div class='pre'>passed</div>
			
		</li>
		<li test-id='35' class='node and pass' status='pass'>
			
			<b>And</b>
			
			<span class="bdd-step-name">And Navigate to Nationalities page</span>
				<div class='pre'>passed</div>
			
		</li>
		<li test-id='37' class='node then pass' status='pass'>
			
			<b>Then</b>
			
			<span class="bdd-step-name">Then Create a Nationality name as "iscb9"</span>
				<div class='pre'>passed</div>
			
		</li>
		<li test-id='40' class='node then fail' status='fail'>
			
			<b>Then</b>
			
			<span class="bdd-step-name">Then Success message should be displayed</span>
				<div class='pre'><textarea>org.openqa.selenium.TimeoutException: Expected condition failed: waiting for text ('successfully') to be present in element [[ChromeDriver: chrome on WINDOWS (e65a6089d31b94c0a5565d9aa4508d7c)] -> xpath: //div[@id='toast-container']] (tried for 10 second(s) with 500 milliseconds interval)
Build info: version: '3.141.59', revision: 'e82be7d358', time: '2018-11-14T08:17:03'
System info: host: 'DESKTOP-INTB117', ip: '192.168.42.115', os.name: 'Windows 10', os.arch: 'amd64', os.version: '10.0', java.version: '14.0.1'
Driver info: org.openqa.selenium.chrome.ChromeDriver
Capabilities {acceptInsecureCerts: false, browserName: chrome, browserVersion: 86.0.4240.75, chrome: {chromedriverVersion: 86.0.4240.22 (398b0743353ff..., userDataDir: C:\Users\TECHNO~1\AppData\L...}, goog:chromeOptions: {debuggerAddress: localhost:29116}, javascriptEnabled: true, networkConnectionEnabled: false, pageLoadStrategy: normal, platform: WINDOWS, platformName: WINDOWS, proxy: Proxy(), setWindowRect: true, strictFileInteractability: false, timeouts: {implicit: 0, pageLoad: 300000, script: 30000}, unhandledPromptBehavior: dismiss and notify, webauthn:virtualAuthenticators: true}
Session ID: e65a6089d31b94c0a5565d9aa4508d7c
	at org.openqa.selenium.support.ui.WebDriverWait.timeoutException(WebDriverWait.java:95)
	at org.openqa.selenium.support.ui.FluentWait.until(FluentWait.java:272)
	at Pages._Parent.verifyElementContainsText(_Parent.java:75)
	at Pages.DialogContent.findElementAndVerifyContainsText(DialogContent.java:211)
	at StepDefinitions._02_CountrySteps.success_message_should_be_displayed(_02_CountrySteps.java:33)
	at ✽.Then Success message should be displayed(_06_Nationalities.feature:25)
</textarea></div>
			
		</li>
		<li test-id='50' class='node then skip' status='skip'>
			
			<b>Then</b>
			
			<span class="bdd-step-name">Then User edit the "iscb9" to "iscb9"</span>
				<div class='pre'>skipped</div>
			
		</li>
		<li test-id='51' class='node then skip' status='skip'>
			
			<b>Then</b>
			
			<span class="bdd-step-name">Then Success message should be displayed</span>
				<div class='pre'>skipped</div>
			
		</li>
		<li test-id='52' class='node then skip' status='skip'>
			
			<b>Then</b>
			
			<span class="bdd-step-name">Then User delete the "iscb9"</span>
				<div class='pre'>skipped</div>
			
		</li>
		<li test-id='53' class='node then skip' status='skip'>
			
			<b>Then</b>
			
			<span class="bdd-step-name">Then Success message should be displayed</span>
				<div class='pre'>skipped</div>
			
		</li>
	</ul>
</div>
					</div>
				</li>
				
				
				<li class='test displayed active has-leaf fail' status='fail' bdd='true' test-id='30'>
					<div class='test-heading'>
						<span class='test-name'>Nationalities functionality</span>
						<span class='test-time'>Oct 20, 2020 08:47:29 PM</span>
						<span class='test-status right fail'>fail</span>
					</div>
					<div class='test-content hide'>
<div class='scenario node' test-id='31' status='fail'>
	<div class='category-list'>
		<span class='category label white-text'>@SmokeTest</span>
		<span class='category label white-text'>@RegressionTest</span>
	</div>
	<span class='duration right label'>0h 0m 12s+350ms</span>
	<div class='desc'>
		<b>Scenario</b>
		<span class="desc-text">Nationalities All functionality</span>
	</div>
	<ul class='steps'>
		<li test-id='32' class='node given pass' status='pass'>
			
			<b>Given</b>
			
			<span class="bdd-step-name">Given Navigate to basqar</span>
				<div class='pre'>passed</div>
			
		</li>
		<li test-id='36' class='node when pass' status='pass'>
			
			<b>When</b>
			
			<span class="bdd-step-name">When Enter username and password and click Login button</span>
				<div class='pre'>passed</div>
			
		</li>
		<li test-id='38' class='node then pass' status='pass'>
			
			<b>Then</b>
			
			<span class="bdd-step-name">Then User should login successfully</span>
				<div class='pre'>passed</div>
			
		</li>
		<li test-id='39' class='node and fail' status='fail'>
			
			<b>And</b>
			
			<span class="bdd-step-name">And Navigate to Nationalities page</span>
				<div class='pre'><textarea>org.openqa.selenium.ElementClickInterceptedException: Element <span class="nav-link-title ng-tns-c103-10 ng-star-inserted"> is not clickable at point (148,150) because another element <div class="cssload-fond"> obscures it
Build info: version: '3.141.59', revision: 'e82be7d358', time: '2018-11-14T08:17:03'
System info: host: 'DESKTOP-INTB117', ip: '192.168.42.115', os.name: 'Windows 10', os.arch: 'amd64', os.version: '10.0', java.version: '14.0.1'
Driver info: org.openqa.selenium.firefox.FirefoxDriver
Capabilities {acceptInsecureCerts: true, browserName: firefox, browserVersion: 81.0.2, javascriptEnabled: true, moz:accessibilityChecks: false, moz:buildID: 20201012085804, moz:geckodriverVersion: 0.27.0, moz:headless: false, moz:processID: 796, moz:profile: C:\Users\TechnoStudy\AppDat..., moz:shutdownTimeout: 60000, moz:useNonSpecCompliantPointerOrigin: false, moz:webdriverClick: true, pageLoadStrategy: normal, platform: WINDOWS, platformName: WINDOWS, platformVersion: 10.0, rotatable: false, setWindowRect: true, strictFileInteractability: false, timeouts: {implicit: 0, pageLoad: 300000, script: 30000}, unhandledPromptBehavior: dismiss and notify}
Session ID: c3f26310-f5f2-494f-96cc-eff78419d142
	at java.base/jdk.internal.reflect.NativeConstructorAccessorImpl.newInstance0(Native Method)
	at java.base/jdk.internal.reflect.NativeConstructorAccessorImpl.newInstance(NativeConstructorAccessorImpl.java:62)
	at java.base/jdk.internal.reflect.DelegatingConstructorAccessorImpl.newInstance(DelegatingConstructorAccessorImpl.java:45)
	at java.base/java.lang.reflect.Constructor.newInstanceWithCaller(Constructor.java:500)
	at java.base/java.lang.reflect.Constructor.newInstance(Constructor.java:481)
	at org.openqa.selenium.remote.http.W3CHttpResponseCodec.createException(W3CHttpResponseCodec.java:187)
	at org.openqa.selenium.remote.http.W3CHttpResponseCodec.decode(W3CHttpResponseCodec.java:122)
	at org.openqa.selenium.remote.http.W3CHttpResponseCodec.decode(W3CHttpResponseCodec.java:49)
	at org.openqa.selenium.remote.HttpCommandExecutor.execute(HttpCommandExecutor.java:158)
	at org.openqa.selenium.remote.service.DriverCommandExecutor.execute(DriverCommandExecutor.java:83)
	at org.openqa.selenium.remote.RemoteWebDriver.execute(RemoteWebDriver.java:552)
	at org.openqa.selenium.remote.RemoteWebElement.execute(RemoteWebElement.java:285)
	at org.openqa.selenium.remote.RemoteWebElement.click(RemoteWebElement.java:84)
	at jdk.internal.reflect.GeneratedMethodAccessor6.invoke(Unknown Source)
	at java.base/jdk.internal.reflect.DelegatingMethodAccessorImpl.invoke(DelegatingMethodAccessorImpl.java:43)
	at java.base/java.lang.reflect.Method.invoke(Method.java:564)
	at org.openqa.selenium.support.pagefactory.internal.LocatingElementHandler.invoke(LocatingElementHandler.java:51)
	at com.sun.proxy.$Proxy23.click(Unknown Source)
	at Pages._Parent.clickFunction(_Parent.java:34)
	at Pages.LeftNav.findElementAndClickFunction(LeftNav.java:117)
	at StepDefinitions._06_NationalitiesSteps.navigateToNationalitiesPage(_06_NationalitiesSteps.java:16)
	at ✽.And Navigate to Nationalities page(_06_Nationalities.feature:7)
</textarea></div>
			
		</li>
		<li test-id='41' class='node then skip' status='skip'>
			
			<b>Then</b>
			
			<span class="bdd-step-name">Then Create a Nationality name as "iscb9"</span>
				<div class='pre'>skipped</div>
			
		</li>
		<li test-id='42' class='node then skip' status='skip'>
			
			<b>Then</b>
			
			<span class="bdd-step-name">Then Success message should be displayed</span>
				<div class='pre'>skipped</div>
			
		</li>
		<li test-id='43' class='node then skip' status='skip'>
			
			<b>Then</b>
			
			<span class="bdd-step-name">Then User edit the "iscb9" to "iscb9"</span>
				<div class='pre'>skipped</div>
			
		</li>
		<li test-id='44' class='node then skip' status='skip'>
			
			<b>Then</b>
			
			<span class="bdd-step-name">Then Success message should be displayed</span>
				<div class='pre'>skipped</div>
			
		</li>
		<li test-id='45' class='node then skip' status='skip'>
			
			<b>Then</b>
			
			<span class="bdd-step-name">Then User delete the "iscb9"</span>
				<div class='pre'>skipped</div>
			
		</li>
		<li test-id='46' class='node then skip' status='skip'>
			
			<b>Then</b>
			
			<span class="bdd-step-name">Then Success message should be displayed</span>
				<div class='pre'>skipped</div>
			
		</li>
	</ul>
</div>
					</div>
				</li>
				
				
				<li class='test displayed active has-leaf fail' status='fail' bdd='true' test-id='47'>
					<div class='test-heading'>
						<span class='test-name'>Entrance Exam functionality</span>
						<span class='test-time'>Oct 20, 2020 08:47:47 PM</span>
						<span class='test-status right fail'>fail</span>
					</div>
					<div class='test-content hide'>
<div class='scenario node' test-id='48' status='fail'>
	<div class='category-list'>
		<span class='category label white-text'>@RegressionTest</span>
	</div>
	<span class='duration right label'>0h 0m 28s+491ms</span>
	<div class='desc'>
		<b>Scenario</b>
		<span class="desc-text">Create entrance exam</span>
	</div>
	<ul class='steps'>
		<li test-id='49' class='node given pass' status='pass'>
			
			<b>Given</b>
			
			<span class="bdd-step-name">Given Navigate to basqar</span>
				<div class='pre'>passed</div>
			
		</li>
		<li test-id='54' class='node when pass' status='pass'>
			
			<b>When</b>
			
			<span class="bdd-step-name">When Enter username and password and click Login button</span>
				<div class='pre'>passed</div>
			
		</li>
		<li test-id='55' class='node then pass' status='pass'>
			
			<b>Then</b>
			
			<span class="bdd-step-name">Then User should login successfully</span>
				<div class='pre'>passed</div>
			
		</li>
		<li test-id='56' class='node and pass' status='pass'>
			
			<b>And</b>
			
			<span class="bdd-step-name">And Click on the element in the left class</span>
				<div class='pre'><table><tr><td>entranceExamsParent</td></tr><tr><td>entranceExamsSetup</td></tr><tr><td>entranceExamsChild</td></tr></table></div>
				<div class='pre'>passed</div>
			
		</li>
		<li test-id='60' class='node and pass' status='pass'>
			
			<b>And</b>
			
			<span class="bdd-step-name">And Click on the element in the content class</span>
				<div class='pre'><table><tr><td>addButton</td></tr></table></div>
				<div class='pre'>passed</div>
			
		</li>
		<li test-id='61' class='node when pass' status='pass'>
			
			<b>When</b>
			
			<span class="bdd-step-name">When User sending the keys in the form content class</span>
				<div class='pre'><table><tr><td>nameInput</td><td>ExamOneIsmet3</td></tr></table></div>
				<div class='pre'>passed</div>
			
		</li>
		<li test-id='62' class='node and pass' status='pass'>
			
			<b>And</b>
			
			<span class="bdd-step-name">And Click in the new exam form</span>
				<div class='pre'><table><tr><td>academicPeriod</td></tr><tr><td>option1</td></tr><tr><td>gradeLevel</td></tr><tr><td>option1</td></tr><tr><td>documentType</td></tr><tr><td>option1</td></tr><tr><td>examsAddBtn</td></tr><tr><td>saveButton</td></tr></table></div>
				<div class='pre'>passed</div>
			
		</li>
		<li test-id='64' class='node then fail' status='fail'>
			
			<b>Then</b>
			
			<span class="bdd-step-name">Then Success message should be displayed</span>
				<div class='pre'><textarea>org.openqa.selenium.TimeoutException: Expected condition failed: waiting for text ('successfully') to be present in element [[FirefoxDriver: firefox on WINDOWS (580e1c19-b39c-488b-a99e-7684d99f8e24)] -> xpath: //div[@id='toast-container']] (tried for 10 second(s) with 500 milliseconds interval)
Build info: version: '3.141.59', revision: 'e82be7d358', time: '2018-11-14T08:17:03'
System info: host: 'DESKTOP-INTB117', ip: '192.168.42.115', os.name: 'Windows 10', os.arch: 'amd64', os.version: '10.0', java.version: '14.0.1'
Driver info: org.openqa.selenium.firefox.FirefoxDriver
Capabilities {acceptInsecureCerts: true, browserName: firefox, browserVersion: 81.0.2, javascriptEnabled: true, moz:accessibilityChecks: false, moz:buildID: 20201012085804, moz:geckodriverVersion: 0.27.0, moz:headless: false, moz:processID: 7792, moz:profile: C:\Users\TechnoStudy\AppDat..., moz:shutdownTimeout: 60000, moz:useNonSpecCompliantPointerOrigin: false, moz:webdriverClick: true, pageLoadStrategy: normal, platform: WINDOWS, platformName: WINDOWS, platformVersion: 10.0, rotatable: false, setWindowRect: true, strictFileInteractability: false, timeouts: {implicit: 0, pageLoad: 300000, script: 30000}, unhandledPromptBehavior: dismiss and notify}
Session ID: 580e1c19-b39c-488b-a99e-7684d99f8e24
	at org.openqa.selenium.support.ui.WebDriverWait.timeoutException(WebDriverWait.java:95)
	at org.openqa.selenium.support.ui.FluentWait.until(FluentWait.java:272)
	at Pages._Parent.verifyElementContainsText(_Parent.java:75)
	at Pages.DialogContent.findElementAndVerifyContainsText(DialogContent.java:211)
	at StepDefinitions._02_CountrySteps.success_message_should_be_displayed(_02_CountrySteps.java:33)
	at ✽.Then Success message should be displayed(_09_EnteranceExam.feature:32)
</textarea></div>
			
		</li>
		<li test-id='71' class='node and skip' status='skip'>
			
			<b>And</b>
			
			<span class="bdd-step-name">And Click on the element in the left class</span>
				<div class='pre'><table><tr><td>entranceExamsParent</td></tr><tr><td>entranceExamsSetup</td></tr><tr><td>entranceExamsChild</td></tr></table></div>
				<div class='pre'>skipped</div>
			
		</li>
		<li test-id='72' class='node when skip' status='skip'>
			
			<b>When</b>
			
			<span class="bdd-step-name">When User delete the "ExamOneIsmet3"</span>
				<div class='pre'>skipped</div>
			
		</li>
		<li test-id='73' class='node then skip' status='skip'>
			
			<b>Then</b>
			
			<span class="bdd-step-name">Then Success message should be displayed</span>
				<div class='pre'>skipped</div>
			
		</li>
	</ul>
</div>
					</div>
				</li>
				
				
				<li class='test displayed active has-leaf fail' status='fail' bdd='true' test-id='57'>
					<div class='test-heading'>
						<span class='test-name'>Entrance Exam functionality</span>
						<span class='test-time'>Oct 20, 2020 08:47:57 PM</span>
						<span class='test-status right fail'>fail</span>
					</div>
					<div class='test-content hide'>
<div class='scenario node' test-id='58' status='fail'>
	<div class='category-list'>
		<span class='category label white-text'>@RegressionTest</span>
	</div>
	<span class='duration right label'>0h 0m 27s+961ms</span>
	<div class='desc'>
		<b>Scenario</b>
		<span class="desc-text">Create entrance exam</span>
	</div>
	<ul class='steps'>
		<li test-id='59' class='node given pass' status='pass'>
			
			<b>Given</b>
			
			<span class="bdd-step-name">Given Navigate to basqar</span>
				<div class='pre'>passed</div>
			
		</li>
		<li test-id='63' class='node when pass' status='pass'>
			
			<b>When</b>
			
			<span class="bdd-step-name">When Enter username and password and click Login button</span>
				<div class='pre'>passed</div>
			
		</li>
		<li test-id='65' class='node then pass' status='pass'>
			
			<b>Then</b>
			
			<span class="bdd-step-name">Then User should login successfully</span>
				<div class='pre'>passed</div>
			
		</li>
		<li test-id='66' class='node and pass' status='pass'>
			
			<b>And</b>
			
			<span class="bdd-step-name">And Click on the element in the left class</span>
				<div class='pre'><table><tr><td>entranceExamsParent</td></tr><tr><td>entranceExamsSetup</td></tr><tr><td>entranceExamsChild</td></tr></table></div>
				<div class='pre'>passed</div>
			
		</li>
		<li test-id='67' class='node and pass' status='pass'>
			
			<b>And</b>
			
			<span class="bdd-step-name">And Click on the element in the content class</span>
				<div class='pre'><table><tr><td>addButton</td></tr></table></div>
				<div class='pre'>passed</div>
			
		</li>
		<li test-id='68' class='node when pass' status='pass'>
			
			<b>When</b>
			
			<span class="bdd-step-name">When User sending the keys in the form content class</span>
				<div class='pre'><table><tr><td>nameInput</td><td>ExamOneIsmet3</td></tr></table></div>
				<div class='pre'>passed</div>
			
		</li>
		<li test-id='69' class='node and pass' status='pass'>
			
			<b>And</b>
			
			<span class="bdd-step-name">And Click in the new exam form</span>
				<div class='pre'><table><tr><td>academicPeriod</td></tr><tr><td>option1</td></tr><tr><td>gradeLevel</td></tr><tr><td>option1</td></tr><tr><td>documentType</td></tr><tr><td>option1</td></tr><tr><td>examsAddBtn</td></tr><tr><td>saveButton</td></tr></table></div>
				<div class='pre'>passed</div>
			
		</li>
		<li test-id='70' class='node then fail' status='fail'>
			
			<b>Then</b>
			
			<span class="bdd-step-name">Then Success message should be displayed</span>
				<div class='pre'><textarea>org.openqa.selenium.TimeoutException: Expected condition failed: waiting for text ('successfully') to be present in element [[ChromeDriver: chrome on WINDOWS (83b0b2f104ba26382a2ac9160f5de5f2)] -> xpath: //div[@id='toast-container']] (tried for 10 second(s) with 500 milliseconds interval)
Build info: version: '3.141.59', revision: 'e82be7d358', time: '2018-11-14T08:17:03'
System info: host: 'DESKTOP-INTB117', ip: '192.168.42.115', os.name: 'Windows 10', os.arch: 'amd64', os.version: '10.0', java.version: '14.0.1'
Driver info: org.openqa.selenium.chrome.ChromeDriver
Capabilities {acceptInsecureCerts: false, browserName: chrome, browserVersion: 86.0.4240.75, chrome: {chromedriverVersion: 86.0.4240.22 (398b0743353ff..., userDataDir: C:\Users\TECHNO~1\AppData\L...}, goog:chromeOptions: {debuggerAddress: localhost:29226}, javascriptEnabled: true, networkConnectionEnabled: false, pageLoadStrategy: normal, platform: WINDOWS, platformName: WINDOWS, proxy: Proxy(), setWindowRect: true, strictFileInteractability: false, timeouts: {implicit: 0, pageLoad: 300000, script: 30000}, unhandledPromptBehavior: dismiss and notify, webauthn:virtualAuthenticators: true}
Session ID: 83b0b2f104ba26382a2ac9160f5de5f2
	at org.openqa.selenium.support.ui.WebDriverWait.timeoutException(WebDriverWait.java:95)
	at org.openqa.selenium.support.ui.FluentWait.until(FluentWait.java:272)
	at Pages._Parent.verifyElementContainsText(_Parent.java:75)
	at Pages.DialogContent.findElementAndVerifyContainsText(DialogContent.java:211)
	at StepDefinitions._02_CountrySteps.success_message_should_be_displayed(_02_CountrySteps.java:33)
	at ✽.Then Success message should be displayed(_09_EnteranceExam.feature:32)
</textarea></div>
			
		</li>
		<li test-id='77' class='node and skip' status='skip'>
			
			<b>And</b>
			
			<span class="bdd-step-name">And Click on the element in the left class</span>
				<div class='pre'><table><tr><td>entranceExamsParent</td></tr><tr><td>entranceExamsSetup</td></tr><tr><td>entranceExamsChild</td></tr></table></div>
				<div class='pre'>skipped</div>
			
		</li>
		<li test-id='78' class='node when skip' status='skip'>
			
			<b>When</b>
			
			<span class="bdd-step-name">When User delete the "ExamOneIsmet3"</span>
				<div class='pre'>skipped</div>
			
		</li>
		<li test-id='79' class='node then skip' status='skip'>
			
			<b>Then</b>
			
			<span class="bdd-step-name">Then Success message should be displayed</span>
				<div class='pre'>skipped</div>
			
		</li>
	</ul>
</div>
					</div>
				</li>
				
				
				<li class='test displayed active has-leaf fail' status='fail' bdd='true' test-id='74'>
					<div class='test-heading'>
						<span class='test-name'>Students functionality</span>
						<span class='test-time'>Oct 20, 2020 08:48:22 PM</span>
						<span class='test-status right fail'>fail</span>
					</div>
					<div class='test-content hide'>
<div class='scenario node' test-id='75' status='fail'>
	<div class='category-list'>
		<span class='category label white-text'>@RegressionTest</span>
	</div>
	<span class='duration right label'>0h 0m 35s+672ms</span>
	<div class='desc'>
		<b>Scenario</b>
		<span class="desc-text">Create entrance exam</span>
	</div>
	<ul class='steps'>
		<li test-id='76' class='node given pass' status='pass'>
			
			<b>Given</b>
			
			<span class="bdd-step-name">Given Navigate to basqar</span>
				<div class='pre'>passed</div>
			
		</li>
		<li test-id='80' class='node when pass' status='pass'>
			
			<b>When</b>
			
			<span class="bdd-step-name">When Enter username and password and click Login button</span>
				<div class='pre'>passed</div>
			
		</li>
		<li test-id='81' class='node then pass' status='pass'>
			
			<b>Then</b>
			
			<span class="bdd-step-name">Then User should login successfully</span>
				<div class='pre'>passed</div>
			
		</li>
		<li test-id='82' class='node and pass' status='pass'>
			
			<b>And</b>
			
			<span class="bdd-step-name">And Click on the element in the left class</span>
				<div class='pre'><table><tr><td>studentParent</td></tr><tr><td>studentsButton</td></tr></table></div>
				<div class='pre'>passed</div>
			
		</li>
		<li test-id='86' class='node and pass' status='pass'>
			
			<b>And</b>
			
			<span class="bdd-step-name">And Click on the element in the content class</span>
				<div class='pre'><table><tr><td>addButton</td></tr></table></div>
				<div class='pre'>passed</div>
			
		</li>
		<li test-id='87' class='node when pass' status='pass'>
			
			<b>When</b>
			
			<span class="bdd-step-name">When User sending the keys in the form content class</span>
				<div class='pre'><table><tr><td>firstNameInput</td><td>ismet</td></tr><tr><td>lastNameInput</td><td>temur</td></tr></table></div>
				<div class='pre'>passed</div>
			
		</li>
		<li test-id='88' class='node and pass' status='pass'>
			
			<b>And</b>
			
			<span class="bdd-step-name">And Click in the new exam form</span>
				<div class='pre'><table><tr><td>genderDropdown</td></tr><tr><td>option1</td></tr><tr><td>gradeLevel</td></tr><tr><td>option1</td></tr><tr><td>schoolDepartmentDropdown</td></tr><tr><td>option1</td></tr><tr><td>sectionDropdown</td></tr><tr><td>option1</td></tr><tr><td>citizenshipDropdown</td></tr><tr><td>option1</td></tr><tr><td>studentDocumentType</td></tr><tr><td>option1</td></tr></table></div>
				<div class='pre'>passed</div>
			
		</li>
		<li test-id='92' class='node when pass' status='pass'>
			
			<b>When</b>
			
			<span class="bdd-step-name">When User sending the keys in the form content class</span>
				<div class='pre'><table><tr><td>studentDocumentNumber</td><td>1234567899</td></tr></table></div>
				<div class='pre'>passed</div>
			
		</li>
		<li test-id='93' class='node and pass' status='pass'>
			
			<b>And</b>
			
			<span class="bdd-step-name">And Click in the new exam form</span>
				<div class='pre'><table><tr><td>representatives</td></tr><tr><td>repAddBtn</td></tr><tr><td>repSelect</td></tr><tr><td>option1</td></tr></table></div>
				<div class='pre'>passed</div>
			
		</li>
		<li test-id='96' class='node when pass' status='pass'>
			
			<b>When</b>
			
			<span class="bdd-step-name">When User sending the keys in the form content class</span>
				<div class='pre'><table><tr><td>repFirstName</td><td>ahmet</td></tr><tr><td>repLastName</td><td>yilmaz</td></tr><tr><td>repMobilPhone</td><td>1234567899</td></tr></table></div>
				<div class='pre'>passed</div>
			
		</li>
		<li test-id='97' class='node and pass' status='pass'>
			
			<b>And</b>
			
			<span class="bdd-step-name">And Click in the new exam form</span>
				<div class='pre'><table><tr><td>repAddBtn2</td></tr><tr><td>saveButton</td></tr></table></div>
				<div class='pre'>passed</div>
			
		</li>
		<li test-id='98' class='node then fail' status='fail'>
			
			<b>Then</b>
			
			<span class="bdd-step-name">Then Success message should be displayed</span>
				<div class='pre'><textarea>org.openqa.selenium.TimeoutException: Expected condition failed: waiting for text ('successfully') to be present in element [[FirefoxDriver: firefox on WINDOWS (4e8c228e-f97f-4762-9244-ae82e0ec27af)] -> xpath: //div[@id='toast-container']] (tried for 10 second(s) with 500 milliseconds interval)
Build info: version: '3.141.59', revision: 'e82be7d358', time: '2018-11-14T08:17:03'
System info: host: 'DESKTOP-INTB117', ip: '192.168.42.115', os.name: 'Windows 10', os.arch: 'amd64', os.version: '10.0', java.version: '14.0.1'
Driver info: org.openqa.selenium.firefox.FirefoxDriver
Capabilities {acceptInsecureCerts: true, browserName: firefox, browserVersion: 81.0.2, javascriptEnabled: true, moz:accessibilityChecks: false, moz:buildID: 20201012085804, moz:geckodriverVersion: 0.27.0, moz:headless: false, moz:processID: 11736, moz:profile: C:\Users\TechnoStudy\AppDat..., moz:shutdownTimeout: 60000, moz:useNonSpecCompliantPointerOrigin: false, moz:webdriverClick: true, pageLoadStrategy: normal, platform: WINDOWS, platformName: WINDOWS, platformVersion: 10.0, rotatable: false, setWindowRect: true, strictFileInteractability: false, timeouts: {implicit: 0, pageLoad: 300000, script: 30000}, unhandledPromptBehavior: dismiss and notify}
Session ID: 4e8c228e-f97f-4762-9244-ae82e0ec27af
	at org.openqa.selenium.support.ui.WebDriverWait.timeoutException(WebDriverWait.java:95)
	at org.openqa.selenium.support.ui.FluentWait.until(FluentWait.java:272)
	at Pages._Parent.verifyElementContainsText(_Parent.java:75)
	at Pages.DialogContent.findElementAndVerifyContainsText(DialogContent.java:211)
	at StepDefinitions._02_CountrySteps.success_message_should_be_displayed(_02_CountrySteps.java:33)
	at ✽.Then Success message should be displayed(_11_Student.feature:54)
</textarea></div>
			
		</li>
	</ul>
</div>
					</div>
				</li>
				
				
				<li class='test displayed active has-leaf fail' status='fail' bdd='true' test-id='83'>
					<div class='test-heading'>
						<span class='test-name'>Students functionality</span>
						<span class='test-time'>Oct 20, 2020 08:48:31 PM</span>
						<span class='test-status right fail'>fail</span>
					</div>
					<div class='test-content hide'>
<div class='scenario node' test-id='84' status='fail'>
	<div class='category-list'>
		<span class='category label white-text'>@RegressionTest</span>
	</div>
	<span class='duration right label'>0h 0m 34s+330ms</span>
	<div class='desc'>
		<b>Scenario</b>
		<span class="desc-text">Create entrance exam</span>
	</div>
	<ul class='steps'>
		<li test-id='85' class='node given pass' status='pass'>
			
			<b>Given</b>
			
			<span class="bdd-step-name">Given Navigate to basqar</span>
				<div class='pre'>passed</div>
			
		</li>
		<li test-id='89' class='node when pass' status='pass'>
			
			<b>When</b>
			
			<span class="bdd-step-name">When Enter username and password and click Login button</span>
				<div class='pre'>passed</div>
			
		</li>
		<li test-id='90' class='node then pass' status='pass'>
			
			<b>Then</b>
			
			<span class="bdd-step-name">Then User should login successfully</span>
				<div class='pre'>passed</div>
			
		</li>
		<li test-id='91' class='node and pass' status='pass'>
			
			<b>And</b>
			
			<span class="bdd-step-name">And Click on the element in the left class</span>
				<div class='pre'><table><tr><td>studentParent</td></tr><tr><td>studentsButton</td></tr></table></div>
				<div class='pre'>passed</div>
			
		</li>
		<li test-id='94' class='node and pass' status='pass'>
			
			<b>And</b>
			
			<span class="bdd-step-name">And Click on the element in the content class</span>
				<div class='pre'><table><tr><td>addButton</td></tr></table></div>
				<div class='pre'>passed</div>
			
		</li>
		<li test-id='95' class='node when pass' status='pass'>
			
			<b>When</b>
			
			<span class="bdd-step-name">When User sending the keys in the form content class</span>
				<div class='pre'><table><tr><td>firstNameInput</td><td>ismet</td></tr><tr><td>lastNameInput</td><td>temur</td></tr></table></div>
				<div class='pre'>passed</div>
			
		</li>
		<li test-id='99' class='node and pass' status='pass'>
			
			<b>And</b>
			
			<span class="bdd-step-name">And Click in the new exam form</span>
				<div class='pre'><table><tr><td>genderDropdown</td></tr><tr><td>option1</td></tr><tr><td>gradeLevel</td></tr><tr><td>option1</td></tr><tr><td>schoolDepartmentDropdown</td></tr><tr><td>option1</td></tr><tr><td>sectionDropdown</td></tr><tr><td>option1</td></tr><tr><td>citizenshipDropdown</td></tr><tr><td>option1</td></tr><tr><td>studentDocumentType</td></tr><tr><td>option1</td></tr></table></div>
				<div class='pre'>passed</div>
			
		</li>
		<li test-id='100' class='node when pass' status='pass'>
			
			<b>When</b>
			
			<span class="bdd-step-name">When User sending the keys in the form content class</span>
				<div class='pre'><table><tr><td>studentDocumentNumber</td><td>1234567899</td></tr></table></div>
				<div class='pre'>passed</div>
			
		</li>
		<li test-id='101' class='node and pass' status='pass'>
			
			<b>And</b>
			
			<span class="bdd-step-name">And Click in the new exam form</span>
				<div class='pre'><table><tr><td>representatives</td></tr><tr><td>repAddBtn</td></tr><tr><td>repSelect</td></tr><tr><td>option1</td></tr></table></div>
				<div class='pre'>passed</div>
			
		</li>
		<li test-id='102' class='node when pass' status='pass'>
			
			<b>When</b>
			
			<span class="bdd-step-name">When User sending the keys in the form content class</span>
				<div class='pre'><table><tr><td>repFirstName</td><td>ahmet</td></tr><tr><td>repLastName</td><td>yilmaz</td></tr><tr><td>repMobilPhone</td><td>1234567899</td></tr></table></div>
				<div class='pre'>passed</div>
			
		</li>
		<li test-id='103' class='node and pass' status='pass'>
			
			<b>And</b>
			
			<span class="bdd-step-name">And Click in the new exam form</span>
				<div class='pre'><table><tr><td>repAddBtn2</td></tr><tr><td>saveButton</td></tr></table></div>
				<div class='pre'>passed</div>
			
		</li>
		<li test-id='104' class='node then fail' status='fail'>
			
			<b>Then</b>
			
			<span class="bdd-step-name">Then Success message should be displayed</span>
				<div class='pre'><textarea>org.openqa.selenium.TimeoutException: Expected condition failed: waiting for text ('successfully') to be present in element [[ChromeDriver: chrome on WINDOWS (78fc0e20269e6623d845aa4485915f01)] -> xpath: //div[@id='toast-container']] (tried for 10 second(s) with 500 milliseconds interval)
Build info: version: '3.141.59', revision: 'e82be7d358', time: '2018-11-14T08:17:03'
System info: host: 'DESKTOP-INTB117', ip: '192.168.42.115', os.name: 'Windows 10', os.arch: 'amd64', os.version: '10.0', java.version: '14.0.1'
Driver info: org.openqa.selenium.chrome.ChromeDriver
Capabilities {acceptInsecureCerts: false, browserName: chrome, browserVersion: 86.0.4240.75, chrome: {chromedriverVersion: 86.0.4240.22 (398b0743353ff..., userDataDir: C:\Users\TECHNO~1\AppData\L...}, goog:chromeOptions: {debuggerAddress: localhost:29294}, javascriptEnabled: true, networkConnectionEnabled: false, pageLoadStrategy: normal, platform: WINDOWS, platformName: WINDOWS, proxy: Proxy(), setWindowRect: true, strictFileInteractability: false, timeouts: {implicit: 0, pageLoad: 300000, script: 30000}, unhandledPromptBehavior: dismiss and notify, webauthn:virtualAuthenticators: true}
Session ID: 78fc0e20269e6623d845aa4485915f01
	at org.openqa.selenium.support.ui.WebDriverWait.timeoutException(WebDriverWait.java:95)
	at org.openqa.selenium.support.ui.FluentWait.until(FluentWait.java:272)
	at Pages._Parent.verifyElementContainsText(_Parent.java:75)
	at Pages.DialogContent.findElementAndVerifyContainsText(DialogContent.java:211)
	at StepDefinitions._02_CountrySteps.success_message_should_be_displayed(_02_CountrySteps.java:33)
	at ✽.Then Success message should be displayed(_11_Student.feature:54)
</textarea></div>
			
		</li>
	</ul>
</div>
					</div>
				</li>
			</ul>
		</div>
	</div>
	<!-- subview left -->

	<div class='subview-right left'>
		<div class='view-summary'>
			<h5 class='test-name'></h5>

			<div id='step-filters' class="right">
				<span class="blue-text" status="info" alt="info" title="info"><i class="material-icons">info_outline</i></span>
				<span class="green-text" status="pass" alt="pass" title="pass"><i class="material-icons">check_circle</i></span>
				<span class="red-text" status="fail" alt="fail" title="fail"><i class="material-icons">cancel</i></span>
				<span class="red-text text-darken-4" status="fatal" alt="fatal" title="fatal"><i class="material-icons">cancel</i></span>
				<span class="pink-text text-lighten-1" status="error" alt="error" title="error"><i class="material-icons">error</i></span>
				<span class="orange-text" alt="warning" status="warning" title="warning"><i class="material-icons">warning</i></span>
				<span class="teal-text" status="skip" alt="skip" title="skip"><i class="material-icons">redo</i></span>
				<span status="clear" alt="Clear filters" title="Clear filters"><i class="material-icons">clear</i></span>
			</div>
		</div>
	</div>
	<!-- subview right -->

</div>
<!-- test view -->
<div id='category-view' class='view hide'>

	<section id='controls'>
		<div class='controls grey lighten-4'>
			<!-- search -->
			<div class='chip transparent' alt='Search Tests' title='Search Tests'>
				<a href="#" class='search-div'>
					<i class='material-icons'>search</i> Search
				</a>
				
				<div class='input-field left hide'>
					<input id='search-tests' type='text' class='validate browser-default' placeholder='Search Tests...'>
				</div>
				
			</div>
			<!-- search -->
		</div>
	</section>

	<div class='subview-left left'>
		
		<div class='view-summary'>
			<h5>Categories</h3>
			<ul id='category-collection' class='category-collection'>
				
				<li class='category displayed active'>
					<div class='category-heading'>
						<span class='category-name'>@SmokeTest</span>
						<span class='category-status right'>
							<span class='label pass'>2</span>
							<span class='label fail'>2</span>
						</span>
					</div>
					<div class='category-content hide'>
						<div class='category-status-counts'>
							<span class='label green accent-4 white-text'>Passed: 2</span>
							<span class='label red lighten-1 white-text'>Failed: 2</span>
							
						</div>
					
						<div class='category-tests'>
							<table class='bordered table-results'>
								<thead>
									<tr>
										<th>Timestamp</th>
										<th>TestName</th>
										<th>Status</th>
									</tr>
								</thead>
								<tbody>
									<tr>
										<td>Oct 20, 2020 08:46:38 PM</td>
										<td class='linked' test-id='4'>Login Functionality.Login with valid username and password</td>
										<td><span class='test-status pass'>pass</span></td>
									</tr>
									<tr>
										<td>Oct 20, 2020 08:46:38 PM</td>
										<td class='linked' test-id='3'>Login Functionality.Login with valid username and password</td>
										<td><span class='test-status pass'>pass</span></td>
									</tr>
									<tr>
										<td>Oct 20, 2020 08:47:25 PM</td>
										<td class='linked' test-id='28'>Nationalities functionality.Nationalities All functionality</td>
										<td><span class='test-status fail'>fail</span></td>
									</tr>
									<tr>
										<td>Oct 20, 2020 08:47:29 PM</td>
										<td class='linked' test-id='31'>Nationalities functionality.Nationalities All functionality</td>
										<td><span class='test-status fail'>fail</span></td>
									</tr>
								</tbody>
							</table>
						</div>
					</div>
				</li>
				<li class='category displayed active'>
					<div class='category-heading'>
						<span class='category-name'>@RegressionTest</span>
						<span class='category-status right'>
							<span class='label pass'>2</span>
							<span class='label fail'>8</span>
						</span>
					</div>
					<div class='category-content hide'>
						<div class='category-status-counts'>
							<span class='label green accent-4 white-text'>Passed: 2</span>
							<span class='label red lighten-1 white-text'>Failed: 8</span>
							
						</div>
					
						<div class='category-tests'>
							<table class='bordered table-results'>
								<thead>
									<tr>
										<th>Timestamp</th>
										<th>TestName</th>
										<th>Status</th>
									</tr>
								</thead>
								<tbody>
									<tr>
										<td>Oct 20, 2020 08:46:38 PM</td>
										<td class='linked' test-id='4'>Login Functionality.Login with valid username and password</td>
										<td><span class='test-status pass'>pass</span></td>
									</tr>
									<tr>
										<td>Oct 20, 2020 08:46:38 PM</td>
										<td class='linked' test-id='3'>Login Functionality.Login with valid username and password</td>
										<td><span class='test-status pass'>pass</span></td>
									</tr>
									<tr>
										<td>Oct 20, 2020 08:46:53 PM</td>
										<td class='linked' test-id='12'>Country functionality.Create Country</td>
										<td><span class='test-status fail'>fail</span></td>
									</tr>
									<tr>
										<td>Oct 20, 2020 08:46:57 PM</td>
										<td class='linked' test-id='15'>Country functionality.Create Country</td>
										<td><span class='test-status fail'>fail</span></td>
									</tr>
									<tr>
										<td>Oct 20, 2020 08:47:25 PM</td>
										<td class='linked' test-id='28'>Nationalities functionality.Nationalities All functionality</td>
										<td><span class='test-status fail'>fail</span></td>
									</tr>
									<tr>
										<td>Oct 20, 2020 08:47:29 PM</td>
										<td class='linked' test-id='31'>Nationalities functionality.Nationalities All functionality</td>
										<td><span class='test-status fail'>fail</span></td>
									</tr>
									<tr>
										<td>Oct 20, 2020 08:47:47 PM</td>
										<td class='linked' test-id='48'>Entrance Exam functionality.Create entrance exam</td>
										<td><span class='test-status fail'>fail</span></td>
									</tr>
									<tr>
										<td>Oct 20, 2020 08:47:57 PM</td>
										<td class='linked' test-id='58'>Entrance Exam functionality.Create entrance exam</td>
										<td><span class='test-status fail'>fail</span></td>
									</tr>
									<tr>
										<td>Oct 20, 2020 08:48:22 PM</td>
										<td class='linked' test-id='75'>Students functionality.Create entrance exam</td>
										<td><span class='test-status fail'>fail</span></td>
									</tr>
									<tr>
										<td>Oct 20, 2020 08:48:31 PM</td>
										<td class='linked' test-id='84'>Students functionality.Create entrance exam</td>
										<td><span class='test-status fail'>fail</span></td>
									</tr>
								</tbody>
							</table>
						</div>
					</div>
				</li>

			</ul>
		</div>
	</div>

	<div class='subview-right left'>
		<div class='view-summary'>
			<h5 class='category-name'></h5>
		</div>
	</div>
</div>
<!-- category view -->
<div id='exception-view' class='view hide'>

    <section id='controls'>
        <div class='controls grey lighten-4'>
            <!-- search -->
            <div class='chip transparent' alt='Search Tests' title='Search Tests'>
                <a href="#" class='search-div'>
                    <i class='material-icons'>search</i> Search
                </a>

                <div class='input-field left hide'>
                    <input id='search-tests' type='text' class='validate browser-default' placeholder='Search Tests...'>
                </div>

            </div>
            <!-- search -->
        </div>
    </section>

    <div class='subview-left left'>

        <div class='view-summary'>
            <h5>Exceptions</h3>
                <ul id='exception-collection' class='exception-collection'>

                        <li class='exception displayed active'>
                            <div class='exception-heading'>
                                <span class='exception-name'>org.openqa.selenium.TimeoutException</span>
                                <span class='exception-count right'><span class='label red lighten-1 white-text'>7</span></span>
                            </div>
                            <div class='exception-content hide'>
                                <div class='exception-tests'>
                                    <table class='bordered table-results'>
                                        <thead>
                                        <tr>
                                            <th>Timestamp</th>
                                            <th>TestName</th>
                                            <th>Status</th>
                                        </tr>
                                        </thead>
                                        <tbody>
                                                    <tr>
                                                        <td>Oct 20, 2020 08:47:09 PM</td>
                                                        <td class='linked' test-id='24'>Country functionality.Create Country.Then Success message should be displayed</td>
                                                        <td><pre><textarea>org.openqa.selenium.TimeoutException: Expected condition failed: waiting for text ('successfully') to be present in element [[ChromeDriver: chrome on WINDOWS (0d32e99c5442924d3543f185b1eb5f00)] -> xpath: //div[@id='toast-container']] (tried for 10 second(s) with 500 milliseconds interval)
Build info: version: '3.141.59', revision: 'e82be7d358', time: '2018-11-14T08:17:03'
System info: host: 'DESKTOP-INTB117', ip: '192.168.42.115', os.name: 'Windows 10', os.arch: 'amd64', os.version: '10.0', java.version: '14.0.1'
Driver info: org.openqa.selenium.chrome.ChromeDriver
Capabilities {acceptInsecureCerts: false, browserName: chrome, browserVersion: 86.0.4240.75, chrome: {chromedriverVersion: 86.0.4240.22 (398b0743353ff..., userDataDir: C:\Users\TECHNO~1\AppData\L...}, goog:chromeOptions: {debuggerAddress: localhost:29047}, javascriptEnabled: true, networkConnectionEnabled: false, pageLoadStrategy: normal, platform: WINDOWS, platformName: WINDOWS, proxy: Proxy(), setWindowRect: true, strictFileInteractability: false, timeouts: {implicit: 0, pageLoad: 300000, script: 30000}, unhandledPromptBehavior: dismiss and notify, webauthn:virtualAuthenticators: true}
Session ID: 0d32e99c5442924d3543f185b1eb5f00
	at org.openqa.selenium.support.ui.WebDriverWait.timeoutException(WebDriverWait.java:95)
	at org.openqa.selenium.support.ui.FluentWait.until(FluentWait.java:272)
	at Pages._Parent.verifyElementContainsText(_Parent.java:75)
	at Pages.DialogContent.findElementAndVerifyContainsText(DialogContent.java:211)
	at StepDefinitions._02_CountrySteps.success_message_should_be_displayed(_02_CountrySteps.java:33)
	at ✽.Then Success message should be displayed(_02_Country.feature:10)
</textarea></pre></td>
                                                    </tr>
                                                    <tr>
                                                        <td>Oct 20, 2020 08:47:12 PM</td>
                                                        <td class='linked' test-id='26'>Country functionality.Create Country.Then Success message should be displayed</td>
                                                        <td><pre><textarea>org.openqa.selenium.TimeoutException: Expected condition failed: waiting for text ('successfully') to be present in element [[FirefoxDriver: firefox on WINDOWS (ffea0714-c1b5-46c2-a412-403e524a1448)] -> xpath: //div[@id='toast-container']] (tried for 10 second(s) with 500 milliseconds interval)
Build info: version: '3.141.59', revision: 'e82be7d358', time: '2018-11-14T08:17:03'
System info: host: 'DESKTOP-INTB117', ip: '192.168.42.115', os.name: 'Windows 10', os.arch: 'amd64', os.version: '10.0', java.version: '14.0.1'
Driver info: org.openqa.selenium.firefox.FirefoxDriver
Capabilities {acceptInsecureCerts: true, browserName: firefox, browserVersion: 81.0.2, javascriptEnabled: true, moz:accessibilityChecks: false, moz:buildID: 20201012085804, moz:geckodriverVersion: 0.27.0, moz:headless: false, moz:processID: 10396, moz:profile: C:\Users\TechnoStudy\AppDat..., moz:shutdownTimeout: 60000, moz:useNonSpecCompliantPointerOrigin: false, moz:webdriverClick: true, pageLoadStrategy: normal, platform: WINDOWS, platformName: WINDOWS, platformVersion: 10.0, rotatable: false, setWindowRect: true, strictFileInteractability: false, timeouts: {implicit: 0, pageLoad: 300000, script: 30000}, unhandledPromptBehavior: dismiss and notify}
Session ID: ffea0714-c1b5-46c2-a412-403e524a1448
	at org.openqa.selenium.support.ui.WebDriverWait.timeoutException(WebDriverWait.java:95)
	at org.openqa.selenium.support.ui.FluentWait.until(FluentWait.java:272)
	at Pages._Parent.verifyElementContainsText(_Parent.java:75)
	at Pages.DialogContent.findElementAndVerifyContainsText(DialogContent.java:211)
	at StepDefinitions._02_CountrySteps.success_message_should_be_displayed(_02_CountrySteps.java:33)
	at ✽.Then Success message should be displayed(_02_Country.feature:10)
</textarea></pre></td>
                                                    </tr>
                                                    <tr>
                                                        <td>Oct 20, 2020 08:47:41 PM</td>
                                                        <td class='linked' test-id='40'>Nationalities functionality.Nationalities All functionality.Then Success message should be displayed</td>
                                                        <td><pre><textarea>org.openqa.selenium.TimeoutException: Expected condition failed: waiting for text ('successfully') to be present in element [[ChromeDriver: chrome on WINDOWS (e65a6089d31b94c0a5565d9aa4508d7c)] -> xpath: //div[@id='toast-container']] (tried for 10 second(s) with 500 milliseconds interval)
Build info: version: '3.141.59', revision: 'e82be7d358', time: '2018-11-14T08:17:03'
System info: host: 'DESKTOP-INTB117', ip: '192.168.42.115', os.name: 'Windows 10', os.arch: 'amd64', os.version: '10.0', java.version: '14.0.1'
Driver info: org.openqa.selenium.chrome.ChromeDriver
Capabilities {acceptInsecureCerts: false, browserName: chrome, browserVersion: 86.0.4240.75, chrome: {chromedriverVersion: 86.0.4240.22 (398b0743353ff..., userDataDir: C:\Users\TECHNO~1\AppData\L...}, goog:chromeOptions: {debuggerAddress: localhost:29116}, javascriptEnabled: true, networkConnectionEnabled: false, pageLoadStrategy: normal, platform: WINDOWS, platformName: WINDOWS, proxy: Proxy(), setWindowRect: true, strictFileInteractability: false, timeouts: {implicit: 0, pageLoad: 300000, script: 30000}, unhandledPromptBehavior: dismiss and notify, webauthn:virtualAuthenticators: true}
Session ID: e65a6089d31b94c0a5565d9aa4508d7c
	at org.openqa.selenium.support.ui.WebDriverWait.timeoutException(WebDriverWait.java:95)
	at org.openqa.selenium.support.ui.FluentWait.until(FluentWait.java:272)
	at Pages._Parent.verifyElementContainsText(_Parent.java:75)
	at Pages.DialogContent.findElementAndVerifyContainsText(DialogContent.java:211)
	at StepDefinitions._02_CountrySteps.success_message_should_be_displayed(_02_CountrySteps.java:33)
	at ✽.Then Success message should be displayed(_06_Nationalities.feature:25)
</textarea></pre></td>
                                                    </tr>
                                                    <tr>
                                                        <td>Oct 20, 2020 08:48:05 PM</td>
                                                        <td class='linked' test-id='64'>Entrance Exam functionality.Create entrance exam.Then Success message should be displayed</td>
                                                        <td><pre><textarea>org.openqa.selenium.TimeoutException: Expected condition failed: waiting for text ('successfully') to be present in element [[FirefoxDriver: firefox on WINDOWS (580e1c19-b39c-488b-a99e-7684d99f8e24)] -> xpath: //div[@id='toast-container']] (tried for 10 second(s) with 500 milliseconds interval)
Build info: version: '3.141.59', revision: 'e82be7d358', time: '2018-11-14T08:17:03'
System info: host: 'DESKTOP-INTB117', ip: '192.168.42.115', os.name: 'Windows 10', os.arch: 'amd64', os.version: '10.0', java.version: '14.0.1'
Driver info: org.openqa.selenium.firefox.FirefoxDriver
Capabilities {acceptInsecureCerts: true, browserName: firefox, browserVersion: 81.0.2, javascriptEnabled: true, moz:accessibilityChecks: false, moz:buildID: 20201012085804, moz:geckodriverVersion: 0.27.0, moz:headless: false, moz:processID: 7792, moz:profile: C:\Users\TechnoStudy\AppDat..., moz:shutdownTimeout: 60000, moz:useNonSpecCompliantPointerOrigin: false, moz:webdriverClick: true, pageLoadStrategy: normal, platform: WINDOWS, platformName: WINDOWS, platformVersion: 10.0, rotatable: false, setWindowRect: true, strictFileInteractability: false, timeouts: {implicit: 0, pageLoad: 300000, script: 30000}, unhandledPromptBehavior: dismiss and notify}
Session ID: 580e1c19-b39c-488b-a99e-7684d99f8e24
	at org.openqa.selenium.support.ui.WebDriverWait.timeoutException(WebDriverWait.java:95)
	at org.openqa.selenium.support.ui.FluentWait.until(FluentWait.java:272)
	at Pages._Parent.verifyElementContainsText(_Parent.java:75)
	at Pages.DialogContent.findElementAndVerifyContainsText(DialogContent.java:211)
	at StepDefinitions._02_CountrySteps.success_message_should_be_displayed(_02_CountrySteps.java:33)
	at ✽.Then Success message should be displayed(_09_EnteranceExam.feature:32)
</textarea></pre></td>
                                                    </tr>
                                                    <tr>
                                                        <td>Oct 20, 2020 08:48:15 PM</td>
                                                        <td class='linked' test-id='70'>Entrance Exam functionality.Create entrance exam.Then Success message should be displayed</td>
                                                        <td><pre><textarea>org.openqa.selenium.TimeoutException: Expected condition failed: waiting for text ('successfully') to be present in element [[ChromeDriver: chrome on WINDOWS (83b0b2f104ba26382a2ac9160f5de5f2)] -> xpath: //div[@id='toast-container']] (tried for 10 second(s) with 500 milliseconds interval)
Build info: version: '3.141.59', revision: 'e82be7d358', time: '2018-11-14T08:17:03'
System info: host: 'DESKTOP-INTB117', ip: '192.168.42.115', os.name: 'Windows 10', os.arch: 'amd64', os.version: '10.0', java.version: '14.0.1'
Driver info: org.openqa.selenium.chrome.ChromeDriver
Capabilities {acceptInsecureCerts: false, browserName: chrome, browserVersion: 86.0.4240.75, chrome: {chromedriverVersion: 86.0.4240.22 (398b0743353ff..., userDataDir: C:\Users\TECHNO~1\AppData\L...}, goog:chromeOptions: {debuggerAddress: localhost:29226}, javascriptEnabled: true, networkConnectionEnabled: false, pageLoadStrategy: normal, platform: WINDOWS, platformName: WINDOWS, proxy: Proxy(), setWindowRect: true, strictFileInteractability: false, timeouts: {implicit: 0, pageLoad: 300000, script: 30000}, unhandledPromptBehavior: dismiss and notify, webauthn:virtualAuthenticators: true}
Session ID: 83b0b2f104ba26382a2ac9160f5de5f2
	at org.openqa.selenium.support.ui.WebDriverWait.timeoutException(WebDriverWait.java:95)
	at org.openqa.selenium.support.ui.FluentWait.until(FluentWait.java:272)
	at Pages._Parent.verifyElementContainsText(_Parent.java:75)
	at Pages.DialogContent.findElementAndVerifyContainsText(DialogContent.java:211)
	at StepDefinitions._02_CountrySteps.success_message_should_be_displayed(_02_CountrySteps.java:33)
	at ✽.Then Success message should be displayed(_09_EnteranceExam.feature:32)
</textarea></pre></td>
                                                    </tr>
                                                    <tr>
                                                        <td>Oct 20, 2020 08:48:47 PM</td>
                                                        <td class='linked' test-id='98'>Students functionality.Create entrance exam.Then Success message should be displayed</td>
                                                        <td><pre><textarea>org.openqa.selenium.TimeoutException: Expected condition failed: waiting for text ('successfully') to be present in element [[FirefoxDriver: firefox on WINDOWS (4e8c228e-f97f-4762-9244-ae82e0ec27af)] -> xpath: //div[@id='toast-container']] (tried for 10 second(s) with 500 milliseconds interval)
Build info: version: '3.141.59', revision: 'e82be7d358', time: '2018-11-14T08:17:03'
System info: host: 'DESKTOP-INTB117', ip: '192.168.42.115', os.name: 'Windows 10', os.arch: 'amd64', os.version: '10.0', java.version: '14.0.1'
Driver info: org.openqa.selenium.firefox.FirefoxDriver
Capabilities {acceptInsecureCerts: true, browserName: firefox, browserVersion: 81.0.2, javascriptEnabled: true, moz:accessibilityChecks: false, moz:buildID: 20201012085804, moz:geckodriverVersion: 0.27.0, moz:headless: false, moz:processID: 11736, moz:profile: C:\Users\TechnoStudy\AppDat..., moz:shutdownTimeout: 60000, moz:useNonSpecCompliantPointerOrigin: false, moz:webdriverClick: true, pageLoadStrategy: normal, platform: WINDOWS, platformName: WINDOWS, platformVersion: 10.0, rotatable: false, setWindowRect: true, strictFileInteractability: false, timeouts: {implicit: 0, pageLoad: 300000, script: 30000}, unhandledPromptBehavior: dismiss and notify}
Session ID: 4e8c228e-f97f-4762-9244-ae82e0ec27af
	at org.openqa.selenium.support.ui.WebDriverWait.timeoutException(WebDriverWait.java:95)
	at org.openqa.selenium.support.ui.FluentWait.until(FluentWait.java:272)
	at Pages._Parent.verifyElementContainsText(_Parent.java:75)
	at Pages.DialogContent.findElementAndVerifyContainsText(DialogContent.java:211)
	at StepDefinitions._02_CountrySteps.success_message_should_be_displayed(_02_CountrySteps.java:33)
	at ✽.Then Success message should be displayed(_11_Student.feature:54)
</textarea></pre></td>
                                                    </tr>
                                                    <tr>
                                                        <td>Oct 20, 2020 08:48:56 PM</td>
                                                        <td class='linked' test-id='104'>Students functionality.Create entrance exam.Then Success message should be displayed</td>
                                                        <td><pre><textarea>org.openqa.selenium.TimeoutException: Expected condition failed: waiting for text ('successfully') to be present in element [[ChromeDriver: chrome on WINDOWS (78fc0e20269e6623d845aa4485915f01)] -> xpath: //div[@id='toast-container']] (tried for 10 second(s) with 500 milliseconds interval)
Build info: version: '3.141.59', revision: 'e82be7d358', time: '2018-11-14T08:17:03'
System info: host: 'DESKTOP-INTB117', ip: '192.168.42.115', os.name: 'Windows 10', os.arch: 'amd64', os.version: '10.0', java.version: '14.0.1'
Driver info: org.openqa.selenium.chrome.ChromeDriver
Capabilities {acceptInsecureCerts: false, browserName: chrome, browserVersion: 86.0.4240.75, chrome: {chromedriverVersion: 86.0.4240.22 (398b0743353ff..., userDataDir: C:\Users\TECHNO~1\AppData\L...}, goog:chromeOptions: {debuggerAddress: localhost:29294}, javascriptEnabled: true, networkConnectionEnabled: false, pageLoadStrategy: normal, platform: WINDOWS, platformName: WINDOWS, proxy: Proxy(), setWindowRect: true, strictFileInteractability: false, timeouts: {implicit: 0, pageLoad: 300000, script: 30000}, unhandledPromptBehavior: dismiss and notify, webauthn:virtualAuthenticators: true}
Session ID: 78fc0e20269e6623d845aa4485915f01
	at org.openqa.selenium.support.ui.WebDriverWait.timeoutException(WebDriverWait.java:95)
	at org.openqa.selenium.support.ui.FluentWait.until(FluentWait.java:272)
	at Pages._Parent.verifyElementContainsText(_Parent.java:75)
	at Pages.DialogContent.findElementAndVerifyContainsText(DialogContent.java:211)
	at StepDefinitions._02_CountrySteps.success_message_should_be_displayed(_02_CountrySteps.java:33)
	at ✽.Then Success message should be displayed(_11_Student.feature:54)
</textarea></pre></td>
                                                    </tr>
                                        </tbody>
                                    </table>
                                </div>
                            </div>
                        </li>
                        <li class='exception displayed active'>
                            <div class='exception-heading'>
                                <span class='exception-name'>org.openqa.selenium.ElementClickInterceptedException</span>
                                <span class='exception-count right'><span class='label red lighten-1 white-text'>1</span></span>
                            </div>
                            <div class='exception-content hide'>
                                <div class='exception-tests'>
                                    <table class='bordered table-results'>
                                        <thead>
                                        <tr>
                                            <th>Timestamp</th>
                                            <th>TestName</th>
                                            <th>Status</th>
                                        </tr>
                                        </thead>
                                        <tbody>
                                                    <tr>
                                                        <td>Oct 20, 2020 08:47:40 PM</td>
                                                        <td class='linked' test-id='39'>Nationalities functionality.Nationalities All functionality.And Navigate to Nationalities page</td>
                                                        <td><pre><textarea>org.openqa.selenium.ElementClickInterceptedException: Element <span class="nav-link-title ng-tns-c103-10 ng-star-inserted"> is not clickable at point (148,150) because another element <div class="cssload-fond"> obscures it
Build info: version: '3.141.59', revision: 'e82be7d358', time: '2018-11-14T08:17:03'
System info: host: 'DESKTOP-INTB117', ip: '192.168.42.115', os.name: 'Windows 10', os.arch: 'amd64', os.version: '10.0', java.version: '14.0.1'
Driver info: org.openqa.selenium.firefox.FirefoxDriver
Capabilities {acceptInsecureCerts: true, browserName: firefox, browserVersion: 81.0.2, javascriptEnabled: true, moz:accessibilityChecks: false, moz:buildID: 20201012085804, moz:geckodriverVersion: 0.27.0, moz:headless: false, moz:processID: 796, moz:profile: C:\Users\TechnoStudy\AppDat..., moz:shutdownTimeout: 60000, moz:useNonSpecCompliantPointerOrigin: false, moz:webdriverClick: true, pageLoadStrategy: normal, platform: WINDOWS, platformName: WINDOWS, platformVersion: 10.0, rotatable: false, setWindowRect: true, strictFileInteractability: false, timeouts: {implicit: 0, pageLoad: 300000, script: 30000}, unhandledPromptBehavior: dismiss and notify}
Session ID: c3f26310-f5f2-494f-96cc-eff78419d142
	at java.base/jdk.internal.reflect.NativeConstructorAccessorImpl.newInstance0(Native Method)
	at java.base/jdk.internal.reflect.NativeConstructorAccessorImpl.newInstance(NativeConstructorAccessorImpl.java:62)
	at java.base/jdk.internal.reflect.DelegatingConstructorAccessorImpl.newInstance(DelegatingConstructorAccessorImpl.java:45)
	at java.base/java.lang.reflect.Constructor.newInstanceWithCaller(Constructor.java:500)
	at java.base/java.lang.reflect.Constructor.newInstance(Constructor.java:481)
	at org.openqa.selenium.remote.http.W3CHttpResponseCodec.createException(W3CHttpResponseCodec.java:187)
	at org.openqa.selenium.remote.http.W3CHttpResponseCodec.decode(W3CHttpResponseCodec.java:122)
	at org.openqa.selenium.remote.http.W3CHttpResponseCodec.decode(W3CHttpResponseCodec.java:49)
	at org.openqa.selenium.remote.HttpCommandExecutor.execute(HttpCommandExecutor.java:158)
	at org.openqa.selenium.remote.service.DriverCommandExecutor.execute(DriverCommandExecutor.java:83)
	at org.openqa.selenium.remote.RemoteWebDriver.execute(RemoteWebDriver.java:552)
	at org.openqa.selenium.remote.RemoteWebElement.execute(RemoteWebElement.java:285)
	at org.openqa.selenium.remote.RemoteWebElement.click(RemoteWebElement.java:84)
	at jdk.internal.reflect.GeneratedMethodAccessor6.invoke(Unknown Source)
	at java.base/jdk.internal.reflect.DelegatingMethodAccessorImpl.invoke(DelegatingMethodAccessorImpl.java:43)
	at java.base/java.lang.reflect.Method.invoke(Method.java:564)
	at org.openqa.selenium.support.pagefactory.internal.LocatingElementHandler.invoke(LocatingElementHandler.java:51)
	at com.sun.proxy.$Proxy23.click(Unknown Source)
	at Pages._Parent.clickFunction(_Parent.java:34)
	at Pages.LeftNav.findElementAndClickFunction(LeftNav.java:117)
	at StepDefinitions._06_NationalitiesSteps.navigateToNationalitiesPage(_06_NationalitiesSteps.java:16)
	at ✽.And Navigate to Nationalities page(_06_Nationalities.feature:7)
</textarea></pre></td>
                                                    </tr>
                                        </tbody>
                                    </table>
                                </div>
                            </div>
                        </li>
                </ul>
        </div>
    </div>

    <div class='subview-right left'>
        <div class='view-summary'>
            <h5 class='exception-name'></h5>
        </div>
    </div>
</div>
<!-- exception view -->
<div id='dashboard-view' class='view hide'>
	<div class='card-panel transparent np-v'>
		<h5>Dashboard</h5>

		<div class='row'>
			<div class='col s2'>
				<div class='card-panel r'>
					Features
					<div class='panel-lead'>10</div>
				</div>
			</div>
			<div class='col s2'>
				<div class='card-panel r'>
					Scenarios
					<div class='panel-lead'>10</div>
				</div>
			</div>
			<div class='col s2'>
				<div class='card-panel r'>
					Steps
					<div class='panel-lead'>84</div>
				</div>
			</div>
			<div class='col s2'>
				<div class='card-panel r'>
					Start
					<div class='panel-lead'>Oct 20, 2020 08:46:37 PM</div>
				</div>
			</div>
			<div class='col s2'>
				<div class='card-panel r'>
			 		End
			 		<div class='panel-lead'>Oct 20, 2020 08:49:12 PM</div>
				</div>
			</div>
			<div class='col s2'>
				<div class='card-panel r'>
					Time Taken
					<div class='panel-lead'>154,346ms</div>
				</div>
			</div>
			<div class='col s4'>
				<div class='card-panel environment'>
					<span class='right label cyan white-text'>Environment</span><p>&nbsp;</p>
					
					<table>
						<tr>
							<th>Name</th>
							<th>Value</th>
						</tr>
							<tr>
								<td>User Name</td>
								<td>İsmet Temur</td>
							</tr>
							<tr>
								<td>Application Name</td>
								<td>Basqar</td>
							</tr>
							<tr>
								<td>Operating System Info</td>
								<td>Windows 10</td>
							</tr>
							<tr>
								<td>Department</td>
								<td>QA</td>
							</tr>
							<tr>
								<td>Ek satır Adı</td>
								<td>Satır açıklaması</td>
							</tr>
					</table>
				</div>
			</div>
			<div class='col s4'>
				<div class='card-panel'>
					<span class='right label cyan white-text'>Categories</span><p>&nbsp;</p>
					
					<table>
						<tr>
							<th>Name</th>
							<th>Passed</th>
							<th>Failed</th>
							<th>Others</th>
						</tr>
						<tr>
							<td>@SmokeTest</td>
							<td>2</td>
							<td>2</td>
							<td>0</td>
						</tr>
						<tr>
							<td>@RegressionTest</td>
							<td>2</td>
							<td>8</td>
							<td>0</td>
						</tr>
					</table>
				</div>
			</div>
		</div>
	</div>
</div>
<!-- dashboard view -->
<div id='testrunner-logs-view' class='view hide'>
	<div class='card-panel transparent np-v'>
		<h5>TestRunner Logs</h5>
		
		<div class='card-panel'>
				Test excetuion Cucumber report
				Test excetuion Cucumber report
		</div>
	</div>
</div>
<!-- testrunner-logs view -->
		</div>
		<!-- container -->

		<script>
			var statusGroup = {
				passParent: 2,
				failParent: 8,
				fatalParent: 0,
				errorParent: 0,
				warningParent: 0,
				skipParent: 0,
				exceptionsParent: 8,
				
				passChild: 2,
				failChild: 8,
				fatalChild: 0,
				errorChild: 0,
				warningChild: 0,
				skipChild: 0,
				infoChild: 0,
				exceptionsChild: 8,
				
				passGrandChild: 60,
				failGrandChild: 8,
				fatalGrandChild: 0,
				errorGrandChild: 0,
				warningGrandChild: 0,
				skipGrandChild: 16,
				infoGrandChild: 0,
				exceptionsGrandChild: 24,
			};
		</script>
		
			<script src='https://cdn.rawgit.com/anshooarora/extentreports-java/5ed7b0c339b51aa347b44ccaa2e2ff29905b2f9f/dist/js/extent.js' type='text/javascript'></script>
		
		
	</body>
	
</html>
